+ echo 'In ObjectNav Env DDP'
+ srun /private/home/abhshkdz/.conda/envs/habitat-on-web/bin/python -u -m habitat_baselines.run --exp-config habitat_baselines/config/objectnav/eval/il_ddp_env_objectnav_scn10.yaml --run-type eval
Traceback (most recent call last):
  File "/private/home/abhshkdz/.conda/envs/habitat-on-web/lib/python3.6/runpy.py", line 193, in _run_module_as_main
    "__main__", mod_spec)
  File "/private/home/abhshkdz/.conda/envs/habitat-on-web/lib/python3.6/runpy.py", line 85, in _run_code
    exec(code, run_globals)
  File "/private/home/abhshkdz/projects/habitat-lab/habitat_baselines/run.py", line 79, in <module>
    main()
  File "/private/home/abhshkdz/projects/habitat-lab/habitat_baselines/run.py", line 40, in main
    run_exp(**vars(args))
  File "/private/home/abhshkdz/projects/habitat-lab/habitat_baselines/run.py", line 74, in run_exp
    config = get_config(exp_config, opts)
  File "/private/home/abhshkdz/projects/habitat-lab/habitat_baselines/config/default.py", line 184, in get_config
    config.merge_from_file(config_path)
  File "/private/home/abhshkdz/.conda/envs/habitat-on-web/lib/python3.6/site-packages/yacs/config.py", line 212, in merge_from_file
    cfg = self.load_cfg(f)
  File "/private/home/abhshkdz/.conda/envs/habitat-on-web/lib/python3.6/site-packages/yacs/config.py", line 363, in load_cfg
    return cls._load_cfg_from_file(cfg_file_obj_or_str)
  File "/private/home/abhshkdz/.conda/envs/habitat-on-web/lib/python3.6/site-packages/yacs/config.py", line 372, in _load_cfg_from_file
    return cls._load_cfg_from_yaml_str(file_obj.read())
  File "/private/home/abhshkdz/.conda/envs/habitat-on-web/lib/python3.6/site-packages/yacs/config.py", line 384, in _load_cfg_from_yaml_str
    cfg_as_dict = yaml.safe_load(str_obj)
  File "/private/home/abhshkdz/.conda/envs/habitat-on-web/lib/python3.6/site-packages/yaml/__init__.py", line 162, in safe_load
    return load(stream, SafeLoader)
  File "/private/home/abhshkdz/.conda/envs/habitat-on-web/lib/python3.6/site-packages/yaml/__init__.py", line 114, in load
    return loader.get_single_data()
  File "/private/home/abhshkdz/.conda/envs/habitat-on-web/lib/python3.6/site-packages/yaml/constructor.py", line 49, in get_single_data
    node = self.get_single_node()
  File "/private/home/abhshkdz/.conda/envs/habitat-on-web/lib/python3.6/site-packages/yaml/composer.py", line 36, in get_single_node
    document = self.compose_document()
  File "/private/home/abhshkdz/.conda/envs/habitat-on-web/lib/python3.6/site-packages/yaml/composer.py", line 55, in compose_document
    node = self.compose_node(None, None)
  File "/private/home/abhshkdz/.conda/envs/habitat-on-web/lib/python3.6/site-packages/yaml/composer.py", line 84, in compose_node
    node = self.compose_mapping_node(anchor)
  File "/private/home/abhshkdz/.conda/envs/habitat-on-web/lib/python3.6/site-packages/yaml/composer.py", line 133, in compose_mapping_node
    item_value = self.compose_node(node, item_key)
  File "/private/home/abhshkdz/.conda/envs/habitat-on-web/lib/python3.6/site-packages/yaml/composer.py", line 84, in compose_node
    node = self.compose_mapping_node(anchor)
  File "/private/home/abhshkdz/.conda/envs/habitat-on-web/lib/python3.6/site-packages/yaml/composer.py", line 127, in compose_mapping_node
    while not self.check_event(MappingEndEvent):
  File "/private/home/abhshkdz/.conda/envs/habitat-on-web/lib/python3.6/site-packages/yaml/parser.py", line 98, in check_event
    self.current_event = self.state()
  File "/private/home/abhshkdz/.conda/envs/habitat-on-web/lib/python3.6/site-packages/yaml/parser.py", line 428, in parse_block_mapping_key
    if self.check_token(KeyToken):
  File "/private/home/abhshkdz/.conda/envs/habitat-on-web/lib/python3.6/site-packages/yaml/scanner.py", line 116, in check_token
    self.fetch_more_tokens()
  File "/private/home/abhshkdz/.conda/envs/habitat-on-web/lib/python3.6/site-packages/yaml/scanner.py", line 260, in fetch_more_tokens
    self.get_mark())
yaml.scanner.ScannerError: while scanning for the next token
found character '\t' that cannot start any token
  in "<unicode string>", line 39, column 1:
    	CONTENT_SCENES: ["8194nk5LbLH"]
    ^
srun: error: learnfair1765: task 0: Exited with exit code 1
srun: launch/slurm: _step_signal: Terminating StepId=49348996.1
